nohup: ignoring input
run.py device: cuda
----------------------------------------------------------------------------------------------------
Amazon_Automotive......
----------------------------------------------------------------------------------------------------
labels.shape: torch.Size([1858400])
loading node embedding, all user-item and item-item paths embedding...finished
start training user-item instance self attention module...
user  0 time:  1.1444091796875e-05
user  100 time:  334.09114503860474
user  200 time:  667.6952412128448
user  300 time:  1004.1144154071808
user  400 time:  1342.2368371486664
user  500 time:  1676.6151373386383
user  600 time:  2019.3271822929382
user  700 time:  2362.771648645401
user  800 time:  2700.4985609054565
user  900 time:  3041.9725470542908
user  1000 time:  3381.9283559322357
user  1100 time:  3725.687116622925
