nohup: ignoring input
run.py device: cuda
/home/ubuntu/model/PaperModel/model/../model/util/data_utils.py:13: UserWarning: Creating a tensor from a list of numpy.ndarrays is extremely slow. Please consider converting the list to a single numpy.ndarray with numpy.array() before converting to a tensor. (Triggered internally at ../torch/csrc/utils/tensor_new.cpp:230.)
  nodewv_tensor = torch.Tensor(nodewv_tensor)
/home/ubuntu/miniconda3/envs/PaperModel/lib/python3.9/site-packages/torch/cuda/__init__.py:497: UserWarning: Can't initialize NVML
  warnings.warn("Can't initialize NVML")
labels.shape: torch.Size([23208588])
loading node embedding, all user-item and item-item paths embedding...finished
start training user-item instance self attention module...
user  0 time:  5.0067901611328125e-06
user  100 time:  0.001878499984741211
user  200 time:  0.0036873817443847656
user  300 time:  0.0058002471923828125
user  400 time:  0.007727622985839844
user  500 time:  0.009603500366210938
user  600 time:  0.012001276016235352
user  700 time:  0.013914823532104492
user  800 time:  0.015779495239257812
user  900 time:  0.017601490020751953
user  1000 time:  0.019466161727905273
user  1100 time:  0.021311521530151367
user  1200 time:  0.02318096160888672
user  1300 time:  0.02527022361755371
user  1400 time:  0.02718949317932129
user  1500 time:  0.02907276153564453
user  1600 time:  0.030918121337890625
user  1700 time:  0.03275489807128906
user  1800 time:  0.03461432456970215
user  1900 time:  0.036725521087646484
user  2000 time:  0.0385897159576416
user  2100 time:  0.0404207706451416
user  2200 time:  0.04226517677307129
user  2300 time:  0.04408454895019531
user  2400 time:  0.04591727256774902
user  2500 time:  0.04778599739074707
user  2600 time:  0.04989743232727051
user  2700 time:  0.05178332328796387
user  2800 time:  0.053725481033325195
user  2900 time:  0.05557560920715332
user  3000 time:  0.05741310119628906
user  3100 time:  0.059281110763549805
user  3200 time:  0.06140303611755371
user  3300 time:  0.06328177452087402
user  3400 time:  0.06516194343566895
user  3500 time:  0.06703877449035645
user  3600 time:  0.06894946098327637
user  3700 time:  0.07081985473632812
user  3800 time:  0.07269096374511719
user  3900 time:  0.07484960556030273
user  4000 time:  0.0767219066619873
user  4100 time:  0.07862401008605957
user  4200 time:  0.08048534393310547
user  4300 time:  0.08235645294189453
user  4400 time:  0.08420014381408691
user  4500 time:  0.08632159233093262
user  4600 time:  0.08821964263916016
user  4700 time:  0.09009933471679688
user  4800 time:  0.09197688102722168
user  4900 time:  0.093841552734375
user  5000 time:  0.09571504592895508
user  5100 time:  0.09754490852355957
user  5200 time:  0.09966897964477539
user  5300 time:  0.10153603553771973
user  5400 time:  0.10340523719787598
user  5500 time:  0.10545015335083008
user  5600 time:  0.10729503631591797
user  5700 time:  0.10916590690612793
user  5800 time:  0.11127972602844238
user  5900 time:  0.11313796043395996
user  6000 time:  0.11501812934875488
user  6100 time:  0.11687374114990234
user  6200 time:  0.11875128746032715
user  6300 time:  0.12061190605163574
user  6400 time:  0.12274909019470215
user  6500 time:  0.12460184097290039
user  6600 time:  0.12647795677185059
user  6700 time:  0.12836360931396484
user  6800 time:  0.13028383255004883
user  6900 time:  0.13216638565063477
user  7000 time:  0.13403725624084473
user  7100 time:  0.13619470596313477
user  7200 time:  0.13804984092712402
user  7300 time:  0.1399250030517578
user  7400 time:  0.14180397987365723
user  7500 time:  0.14367079734802246
user  7600 time:  0.1455247402191162
user  7700 time:  0.1476609706878662
user  7800 time:  0.14958810806274414
user  7900 time:  0.1514568328857422
user  8000 time:  0.15334105491638184
user  8100 time:  0.1552565097808838
user  8200 time:  0.15712308883666992
user  8300 time:  0.15901470184326172
user  8400 time:  0.16112947463989258
user  8500 time:  0.1630268096923828
user  8600 time:  0.16493535041809082
user  8700 time:  0.16683673858642578
user  8800 time:  0.16875314712524414
user  8900 time:  0.17066431045532227
user  9000 time:  0.17278361320495605
user  9100 time:  0.17466163635253906
user  9200 time:  0.17652583122253418
user  9300 time:  0.17840790748596191
user  9400 time:  0.18028736114501953
user  9500 time:  0.18216562271118164
user  9600 time:  0.18404030799865723
user  9700 time:  0.1861569881439209
user  9800 time:  0.18807029724121094
user  9900 time:  0.1899547576904297
user  10000 time:  0.1918034553527832
user  10100 time:  0.19366168975830078
user  10200 time:  0.1955265998840332
user  10300 time:  0.19767093658447266
user  10400 time:  0.19953608512878418
user  10500 time:  0.20139288902282715
user  10600 time:  0.20325756072998047
user  10700 time:  0.20509791374206543
user  10800 time:  0.20697999000549316
user  10900 time:  0.20889067649841309
user  11000 time:  0.2113962173461914
user  11100 time:  0.2132105827331543
user  11200 time:  0.21503973007202148
user  11300 time:  0.21685194969177246
user  11400 time:  0.21866679191589355
user  11500 time:  0.2205193042755127
user  11600 time:  0.22261810302734375
user  11700 time:  0.22448325157165527
user  11800 time:  0.22634601593017578
user  11900 time:  0.22822165489196777
user  12000 time:  0.2301025390625
user  12100 time:  0.2319333553314209
user  12200 time:  0.23379135131835938
user  12300 time:  0.23588204383850098
user  12400 time:  0.2377474308013916
user  12500 time:  0.23961853981018066
user  12600 time:  0.24146795272827148
user  12700 time:  0.24332523345947266
user  12800 time:  0.24514412879943848
user  12900 time:  0.24719643592834473
user  13000 time:  0.24906086921691895
user  13100 time:  0.25095534324645996
user  13200 time:  0.25280022621154785
user  13300 time:  0.2546508312225342
user  13400 time:  0.256481409072876
user  13500 time:  0.25830960273742676
user  13600 time:  0.2603435516357422
user  13700 time:  0.2621746063232422
user  13800 time:  0.26404762268066406
user  13900 time:  0.2659134864807129
user  14000 time:  0.26777029037475586
user  14100 time:  0.269655704498291
user  14200 time:  0.27171802520751953
user  14300 time:  0.2735586166381836
user  14400 time:  0.2754228115081787
user  14500 time:  0.2772712707519531
user  14600 time:  0.2791450023651123
user  14700 time:  0.2810041904449463
user  14800 time:  0.28316712379455566
user  14900 time:  0.2850489616394043
user  15000 time:  0.2869303226470947
user  15100 time:  0.2888071537017822
user  15200 time:  0.29070234298706055
user  15300 time:  0.2925529479980469
user  15400 time:  0.2944056987762451
user  15500 time:  0.2964451313018799
user  15600 time:  0.29828906059265137
user  15700 time:  0.3001389503479004
user  15800 time:  0.30199360847473145
user  15900 time:  0.3038628101348877
user  16000 time:  0.30574917793273926
user  16100 time:  0.30785226821899414
user  16200 time:  0.30971741676330566
user  16300 time:  0.3115701675415039
user  16400 time:  0.3134188652038574
user  16500 time:  0.3152790069580078
user  16600 time:  0.3171989917755127
user  16700 time:  0.3190929889678955
user  16800 time:  0.3211698532104492
user  16900 time:  0.32305026054382324
user  17000 time:  0.3248772621154785
user  17100 time:  0.3267340660095215
user  17200 time:  0.32859230041503906
user  17300 time:  0.33051323890686035
user  17400 time:  0.33258724212646484
user  17500 time:  0.334458589553833
user  17600 time:  0.3363044261932373
user  17700 time:  0.3381361961364746
user  17800 time:  0.34000182151794434
user  17900 time:  0.3418605327606201
user  18000 time:  0.3437197208404541
user  18100 time:  0.34578657150268555
user  18200 time:  0.3476524353027344
user  18300 time:  0.3495290279388428
user  18400 time:  0.35139989852905273
user  18500 time:  0.3532583713531494
user  18600 time:  0.3551349639892578
user  18700 time:  0.35720372200012207
user  18800 time:  0.3590810298919678
user  18900 time:  0.36092090606689453
user  19000 time:  0.3627915382385254
user  19100 time:  0.3646361827850342
user  19200 time:  0.36649227142333984
user  19300 time:  0.3683345317840576
user  19400 time:  0.37046265602111816
user  19500 time:  0.3723433017730713
user  19600 time:  0.374208927154541
user  19700 time:  0.3760659694671631
user  19800 time:  0.37791895866394043
user  19900 time:  0.3797624111175537
user  20000 time:  0.3818087577819824
user  20100 time:  0.3836677074432373
user  20200 time:  0.38550424575805664
user  20300 time:  0.38736891746520996
user  20400 time:  0.3892543315887451
user  20500 time:  0.39111781120300293
user  20600 time:  0.3929767608642578
user  20700 time:  0.39505815505981445
user  20800 time:  0.3969101905822754
user  20900 time:  0.39880847930908203
user  21000 time:  0.40066957473754883
user  21100 time:  0.40254878997802734
user  21200 time:  0.40437936782836914
user  21300 time:  0.4064669609069824
user  21400 time:  0.4083216190338135
user  21500 time:  0.41022753715515137
user  21600 time:  0.41207051277160645
user  21700 time:  0.41392040252685547
user  21800 time:  0.41577601432800293
user  21900 time:  0.4186537265777588
user  22000 time:  0.42046117782592773
user  22100 time:  0.4223017692565918
user  22200 time:  0.424147367477417
user  22300 time:  0.4259798526763916
user  22400 time:  0.42781686782836914
user  22500 time:  0.4296729564666748
user  22600 time:  0.43173694610595703
user  22700 time:  0.43354296684265137
user  22800 time:  0.43538951873779297
user  22900 time:  0.4372425079345703
user  23000 time:  0.4391148090362549
user  23100 time:  0.44097089767456055
user  23200 time:  0.4430508613586426
user  23300 time:  0.44489598274230957
user  23400 time:  0.4467158317565918
user  23500 time:  0.4485495090484619
user  23600 time:  0.45045042037963867
user  23700 time:  0.45232176780700684
user  23800 time:  0.4542100429534912
user  23900 time:  0.45632433891296387
user  24000 time:  0.45821523666381836
user  24100 time:  0.46007299423217773
user  24200 time:  0.4619464874267578
user  24300 time:  0.46382808685302734
user  24400 time:  0.46572446823120117
user  24500 time:  0.4678349494934082
user  24600 time:  0.46974778175354004
user  24700 time:  0.4716777801513672
user  24800 time:  0.4735560417175293
user  24900 time:  0.4754669666290283
user  25000 time:  0.4773590564727783
user  25100 time:  0.4792618751525879
user  25200 time:  0.4813401699066162
user  25300 time:  0.4832422733306885
user  25400 time:  0.4851348400115967
user  25500 time:  0.4870162010192871
user  25600 time:  0.4889047145843506
user  25700 time:  0.4908480644226074
user  25800 time:  0.4929487705230713
user  25900 time:  0.49486398696899414
user  26000 time:  0.49675655364990234
user  26100 time:  0.49866724014282227
user  26200 time:  0.5005433559417725
user  26300 time:  0.5024518966674805
user  26400 time:  0.5043244361877441
user  26500 time:  0.506443977355957
user  26600 time:  0.5083374977111816
user  26700 time:  0.5102660655975342
user  26800 time:  0.5121784210205078
user  26900 time:  0.5140409469604492
user  27000 time:  0.5159623622894287
user  27100 time:  0.518047571182251
user  27200 time:  0.5199639797210693
user  27300 time:  0.5218496322631836
user  27400 time:  0.5237557888031006
user  27500 time:  0.5256385803222656
user  27600 time:  0.5275063514709473
user  27700 time:  0.5294156074523926
user  27800 time:  0.5315492153167725
user  27900 time:  0.5334427356719971
user  28000 time:  0.5353615283966064
user  28100 time:  0.5372495651245117
user  28200 time:  0.5391485691070557
user  28300 time:  0.541013240814209
user  28400 time:  0.5430994033813477
user  28500 time:  0.5449764728546143
user  28600 time:  0.5468852519989014
user  28700 time:  0.5487713813781738
user  28800 time:  0.5506777763366699
user  28900 time:  0.5525739192962646
user  29000 time:  0.5544717311859131
user  29100 time:  0.5565502643585205
user  29200 time:  0.5584616661071777
user  29300 time:  0.5603621006011963
user  29400 time:  0.5622584819793701
user  29500 time:  0.5641422271728516
user  29600 time:  0.5660340785980225
user  29700 time:  0.5681092739105225
user  29800 time:  0.5700023174285889
user  29900 time:  0.5719089508056641
user  30000 time:  0.5737895965576172
user  30100 time:  0.5756919384002686
user  30200 time:  0.5776071548461914
user  30300 time:  0.579693078994751
user  30400 time:  0.5815567970275879
user  30500 time:  0.5834629535675049
user  30600 time:  0.5853574275970459
user  30700 time:  0.5872595310211182
user  30800 time:  0.589146614074707
user  30900 time:  0.5910604000091553
user  31000 time:  0.5931236743927002
user  31100 time:  0.5950069427490234
user  31200 time:  0.5969011783599854
user  31300 time:  0.5988085269927979
user  31400 time:  0.6006877422332764
user  31500 time:  0.6026067733764648
user  31600 time:  0.6046833992004395
user  31700 time:  0.6065835952758789
user  31800 time:  0.6084737777709961
user  31900 time:  0.6103799343109131
user  32000 time:  0.6122744083404541
user  32100 time:  0.6141719818115234
user  32200 time:  0.6160681247711182
user  32300 time:  0.6181275844573975
user  32400 time:  0.6200253963470459
user  32500 time:  0.6218907833099365
user  32600 time:  0.6237714290618896
user  32700 time:  0.6256496906280518
user  32800 time:  0.6275482177734375
user  32900 time:  0.6296069622039795
user  33000 time:  0.6315343379974365
user  33100 time:  0.6334137916564941
user  33200 time:  0.6352934837341309
user  33300 time:  0.63718581199646
user  33400 time:  0.6390936374664307
user  33500 time:  0.6409776210784912
user  33600 time:  0.6430771350860596
user  33700 time:  0.644965410232544
user  33800 time:  0.6468660831451416
user  33900 time:  0.6487321853637695
user  34000 time:  0.6506214141845703
user  34100 time:  0.6525087356567383
user  34200 time:  0.6546144485473633
user  34300 time:  0.6565146446228027
user  34400 time:  0.6584141254425049
user  34500 time:  0.6603026390075684
user  34600 time:  0.6621594429016113
user  34700 time:  0.664055347442627
user  34800 time:  0.6659488677978516
user  34900 time:  0.6680393218994141
user  35000 time:  0.6699409484863281
user  35100 time:  0.6718447208404541
user  35200 time:  0.6737306118011475
user  35300 time:  0.675605297088623
user  35400 time:  0.6775109767913818
user  35500 time:  0.6796228885650635
user  35600 time:  0.6815404891967773
user  35700 time:  0.683464765548706
user  35800 time:  0.6853535175323486
user  35900 time:  0.6872971057891846
user  36000 time:  0.6891841888427734
user  36100 time:  0.6911172866821289
user  36200 time:  0.6932191848754883
user  36300 time:  0.6951417922973633
user  36400 time:  0.6970453262329102
user  36500 time:  0.6989672183990479
user  36600 time:  0.7008833885192871
user  36700 time:  0.7027814388275146
user  36800 time:  0.7048835754394531
user  36900 time:  0.706796407699585
user  37000 time:  0.7086668014526367
user  37100 time:  0.7105557918548584
user  37200 time:  0.7124323844909668
user  37300 time:  0.7143373489379883
user  37400 time:  0.7161970138549805
user  37500 time:  0.7182924747467041
user  37600 time:  0.7201755046844482
user  37700 time:  0.7220649719238281
user  37800 time:  0.7239546775817871
user  37900 time:  0.7258296012878418
user  38000 time:  0.727755069732666
user  38100 time:  0.729856014251709
user  38200 time:  0.7317600250244141
user  38300 time:  0.733654260635376
user  38400 time:  0.7355504035949707
user  38500 time:  0.7374255657196045
user  38600 time:  0.7393314838409424
user  38700 time:  0.7413926124572754
user  38800 time:  0.7432816028594971
user  38900 time:  0.7451653480529785
user  39000 time:  0.7470724582672119
user  39100 time:  0.7489809989929199
user  39200 time:  0.750882625579834
user  39300 time:  0.7527942657470703
user  39400 time:  0.7549114227294922
user  39500 time:  0.7568032741546631
user  39600 time:  0.7587378025054932
user  39700 time:  0.7606399059295654
user  39800 time:  0.7625386714935303
user  39900 time:  0.7644476890563965
user  40000 time:  0.7665512561798096
user  40100 time:  0.7684404850006104
user  40200 time:  0.7703254222869873
user  40300 time:  0.772212028503418
user  40400 time:  0.7740821838378906
user  40500 time:  0.7759673595428467
user  40600 time:  0.77785325050354
user  40700 time:  0.779949426651001
user  40800 time:  0.781832218170166
user  40900 time:  0.7837176322937012
user  41000 time:  0.7855989933013916
user  41100 time:  0.7874972820281982
user  41200 time:  0.7893903255462646
user  41300 time:  0.7914626598358154
user  41400 time:  0.7933475971221924
user  41500 time:  0.7952470779418945
user  41600 time:  0.7972018718719482
user  41700 time:  0.7991626262664795
user  41800 time:  0.8010625839233398
user  41900 time:  0.8029897212982178
user  42000 time:  0.8050827980041504
user  42100 time:  0.8070154190063477
user  42200 time:  0.8089215755462646
user  42300 time:  0.8108325004577637
user  42400 time:  0.81272292137146
user  42500 time:  0.8146483898162842
user  42600 time:  0.816744327545166
user  42700 time:  0.8186683654785156
user  42800 time:  0.8205771446228027
user  42900 time:  0.8225085735321045
user  43000 time:  0.824378490447998
user  43100 time:  0.8262701034545898
user  43200 time:  0.8281981945037842
user  43300 time:  0.8303234577178955
user  43400 time:  0.8322207927703857
user  43500 time:  0.8340997695922852
user  43600 time:  0.835991382598877
user  43700 time:  0.8394637107849121
user  43800 time:  0.8413348197937012
user  43900 time:  0.843407154083252
user  44000 time:  0.84529709815979
user  44100 time:  0.8471982479095459
user  44200 time:  0.8490803241729736
user  44300 time:  0.8509824275970459
user  44400 time:  0.8528549671173096
user  44500 time:  0.8547604084014893
user  44600 time:  0.8568413257598877
user  44700 time:  0.8587336540222168
user  44800 time:  0.8606064319610596
user  44900 time:  0.8624811172485352
user  45000 time:  0.864354133605957
user  45100 time:  0.8662247657775879
user  45200 time:  0.8682754039764404
user  45300 time:  0.8701441287994385
user  45400 time:  0.8719990253448486
user  45500 time:  0.8738458156585693
user  45600 time:  0.8757505416870117
user  45700 time:  0.8775968551635742
user  45800 time:  0.8794419765472412
user  45900 time:  0.8814942836761475
user  46000 time:  0.8833975791931152
user  46100 time:  0.8852987289428711
user  46200 time:  0.8872134685516357
user  46300 time:  0.8891048431396484
user  46400 time:  0.8910462856292725
user  46500 time:  0.8931317329406738
user  46600 time:  0.895033597946167
user  46700 time:  0.8969392776489258
user  46800 time:  0.8988668918609619
user  46900 time:  0.9007852077484131
user  47000 time:  0.9027206897735596
user  47100 time:  0.9047858715057373
user  47200 time:  0.9066586494445801
user  47300 time:  0.9085521697998047
user  47400 time:  0.9104452133178711
user  47500 time:  0.9123222827911377
user  47600 time:  0.9142193794250488
user  47700 time:  0.9160914421081543
user  47800 time:  0.9181637763977051
user  47900 time:  0.9200403690338135
user  48000 time:  0.9219164848327637
user  48100 time:  0.9238064289093018
user  48200 time:  0.9257235527038574
user  48300 time:  0.9276456832885742
user  48400 time:  0.9297630786895752
user  48500 time:  0.9316790103912354
user  48600 time:  0.9335365295410156
user  48700 time:  0.9354355335235596
user  48800 time:  0.9373283386230469
user  48900 time:  0.9392321109771729
user  49000 time:  0.9411056041717529
user  49100 time:  0.943192720413208
user  49200 time:  0.9450738430023193
user  49300 time:  0.9469470977783203
user  49400 time:  0.9488387107849121
user  49500 time:  0.9507341384887695
user  49600 time:  0.9526188373565674
user  49700 time:  0.9547240734100342
user  49800 time:  0.9566123485565186
user  49900 time:  0.9585108757019043
user  50000 time:  0.9603843688964844
user  50100 time:  0.9622783660888672
user  50200 time:  0.964163064956665
user  50300 time:  0.9660646915435791
user  50400 time:  0.968163251876831
user  50500 time:  0.9700577259063721
user  50600 time:  0.9719512462615967
user  50700 time:  0.9738123416900635
user  50800 time:  0.9756979942321777
user  50900 time:  0.9775657653808594
user  51000 time:  0.979661226272583
user  51100 time:  0.9815318584442139
user  51200 time:  0.9834198951721191
user  51300 time:  0.9852879047393799
user  51400 time:  0.987168550491333
user  51500 time:  0.9890387058258057
user  51600 time:  0.9909226894378662
user  51700 time:  0.9930081367492676
user  51800 time:  0.994903564453125
user  51900 time:  0.9968006610870361
user  52000 time:  0.998701810836792
user  52100 time:  1.0005662441253662
user  52200 time:  1.0024607181549072
user  52300 time:  1.0045714378356934
user  52400 time:  1.0064759254455566
user  52500 time:  1.0083796977996826
user  52600 time:  1.01031494140625
user  52700 time:  1.0122253894805908
user  52800 time:  1.0141215324401855
user  52900 time:  1.0160491466522217
user  53000 time:  1.018155813217163
user  53100 time:  1.0200791358947754
user  53200 time:  1.0219950675964355
user  53300 time:  1.0238912105560303
user  53400 time:  1.0257842540740967
user  53500 time:  1.0276734828948975
user  53600 time:  1.02974271774292
user  53700 time:  1.031667709350586
user  53800 time:  1.0335850715637207
user  53900 time:  1.0355305671691895
user  54000 time:  1.0374140739440918
user  54100 time:  1.03932785987854
user  54200 time:  1.0413923263549805
user  54300 time:  1.0432779788970947
user  54400 time:  1.0451695919036865
user  54500 time:  1.0470941066741943
user  54600 time:  1.0489816665649414
user  54700 time:  1.0508835315704346
user  54800 time:  1.0527548789978027
user  54900 time:  1.0548427104949951
user  55000 time:  1.0567057132720947
user  55100 time:  1.0586059093475342
user  55200 time:  1.0604798793792725
user  55300 time:  1.0623774528503418
user  55400 time:  1.0642616748809814
user  55500 time:  1.0663740634918213
user  55600 time:  1.0682549476623535
user  55700 time:  1.0701053142547607
user  55800 time:  1.0720200538635254
user  55900 time:  1.0739271640777588
user  56000 time:  1.0758590698242188
user  56100 time:  1.0777738094329834
user  56200 time:  1.0799098014831543
user  56300 time:  1.0817883014678955
user  56400 time:  1.0836663246154785
user  56500 time:  1.0855436325073242
user  56600 time:  1.0874531269073486
user  56700 time:  1.089348316192627
user  56800 time:  1.0914552211761475
user  56900 time:  1.0933399200439453
user  57000 time:  1.0952367782592773
user  57100 time:  1.097104549407959
user  57200 time:  1.0990056991577148
user  57300 time:  1.100921392440796
user  57400 time:  1.1028356552124023
Traceback (most recent call last):
  File "/home/ubuntu/model/PaperModel/model/recommendation_model.py", line 329, in <module>
    pickle.dump(ui_paths_att_emb, open(ui_batch_paths_att_emb_pkl_file, 'wb'))
OSError: [Errno 28] No space left on device
