nohup: ignoring input
----------------------------------------------------------------------------------------------------
Amazon_Toys_Games......
----------------------------------------------------------------------------------------------------
Begin to load data
Load data finished, used time 4.46s
load pairs finished num =  3600
uibi
uibici
uici
uicibi
Begin to load data
############################
torch.Size([78381, 100])
Here are 100826 item-item paths in data.
Load data finished, used time 4.38s
['ibibi', 'ibici', 'ibiui', 'icibi', 'icici', 'iciui', 'iuiui']
ibibi
outfile name = ../data/Amazon_Toys_Games/ibibi.paths
ibici
outfile name = ../data/Amazon_Toys_Games/ibici.paths
ibiui
outfile name = ../data/Amazon_Toys_Games/ibiui.paths
icibi
outfile name = ../data/Amazon_Toys_Games/icibi.paths
icici
outfile name = ../data/Amazon_Toys_Games/icici.paths
iciui
outfile name = ../data/Amazon_Toys_Games/iciui.paths
iuiui
outfile name = ../data/Amazon_Toys_Games/iuiui.paths
Here are 100826 item-item paths in data.
0
4477
1176
560
2664
18959
100826
3.510176242702024
