nohup: ignoring input
run.py device: cuda
----------------------------------------------------------------------------------------------------
Amazon_Toys_Games......
----------------------------------------------------------------------------------------------------
labels.shape: torch.Size([3757200])
loading node embedding, all user-item and item-item paths embedding...finished
start training user-item instance self attention module...
user  0 time:  6.67572021484375e-06
user  100 time:  370.9289312362671
user  200 time:  776.9980640411377
user  300 time:  1215.9398050308228
user  400 time:  1215.9427168369293
user  500 time:  1215.9449615478516
user  600 time:  1215.9477529525757
user  700 time:  1215.9510159492493
user  800 time:  1215.9532616138458
user  900 time:  1215.9559996128082
user  1000 time:  1215.9583308696747
user  1100 time:  1215.9609580039978
user  1200 time:  1215.9637236595154
user  1300 time:  1215.9662101268768
user  1400 time:  1215.9689655303955
user  1500 time:  1215.971730709076
user  1600 time:  1215.9739472866058
user  1700 time:  1215.9766776561737
user  1800 time:  1215.9791197776794
user  1900 time:  1215.9815561771393
user  2000 time:  1215.9845914840698
user  2100 time:  1215.987093925476
user  2200 time:  1215.989544391632
user  2300 time:  1215.9923083782196
user  2400 time:  1215.994516134262
user  2500 time:  1215.9972083568573
user  2600 time:  1216.0001647472382
user  2700 time:  1216.002338886261
user  2800 time:  1216.005490064621
user  2900 time:  1216.007809638977
user  3000 time:  1216.010465145111
user  3100 time:  1216.0132517814636
user  3200 time:  1216.0154440402985
user  3300 time:  1216.0184581279755
user  3400 time:  1216.0212066173553
user  3500 time:  1216.0234603881836
user  3600 time:  1216.0261890888214
user  3700 time:  1216.0286717414856
user  3800 time:  1216.0311267375946
user  3900 time:  1216.0335412025452
user  4000 time:  1216.0357761383057
user  4100 time:  1216.0379943847656
user  4200 time:  1216.0406742095947
user  4300 time:  1216.0432922840118
user  4400 time:  1216.0456080436707
user  4500 time:  1216.0483996868134
user  4600 time:  1216.0520548820496
user  4700 time:  1216.0548844337463
user  4800 time:  1216.0572593212128
user  4900 time:  1216.0598199367523
user  5000 time:  1216.0625474452972
user  5100 time:  1216.0647323131561
user  5200 time:  1216.0677411556244
user  5300 time:  1216.070408821106
user  5400 time:  1216.0726087093353
user  5500 time:  1216.075490951538
user  5600 time:  1216.077880859375
user  5700 time:  1216.0804343223572
user  5800 time:  1216.083440542221
user  5900 time:  1216.0856003761292
user  6000 time:  1216.0882692337036
user  6100 time:  1216.0909972190857
user  6200 time:  1216.0931596755981
user  6300 time:  1216.0958659648895
user  6400 time:  1216.098436832428
user  6500 time:  1216.1010293960571
user  6600 time:  1216.1037335395813
user  6700 time:  1216.1062257289886
user  6800 time:  1216.108595609665
user  6900 time:  1216.111394405365
user  7000 time:  1216.1135494709015
user  7100 time:  1216.1165368556976
user  7200 time:  1216.1192660331726
user  7300 time:  1216.121435880661
user  7400 time:  1216.124132156372
user  7500 time:  1216.1268384456635
user  7600 time:  1216.129007101059
user  7700 time:  1216.1317212581635
user  7800 time:  1216.1347260475159
user  7900 time:  1216.1369173526764
user  8000 time:  1216.1396279335022
user  8100 time:  1216.1422781944275
user  8200 time:  1216.144467830658
user  8300 time:  1216.1471700668335
user  8400 time:  1216.1500568389893
user  8500 time:  1216.1522417068481
user  8600 time:  1216.1549298763275
user  8700 time:  1216.1574676036835
user  8800 time:  1216.159758090973
user  8900 time:  1216.1624760627747
user  9000 time:  1216.1649432182312
user  9100 time:  1216.1677260398865
user  9200 time:  1216.1704270839691
start training item-item instance self attention module...
user  0 time:  5.245208740234375e-06
user  100 time:  131.6728343963623
user  200 time:  221.91309094429016
user  300 time:  320.9307825565338
user  400 time:  432.9513518810272
user  500 time:  531.3837971687317
user  600 time:  628.5862002372742
user  700 time:  720.9213991165161
user  800 time:  834.5884084701538
user  900 time:  952.0183067321777
user  1000 time:  1056.2559003829956
user  1100 time:  1164.5158491134644
user  1200 time:  1266.3394989967346
user  1300 time:  1359.2425322532654
user  1400 time:  1444.9798259735107
user  1500 time:  1562.1556165218353
user  1600 time:  1661.739723443985
user  1700 time:  1770.5151228904724
user  1800 time:  1867.0819370746613
user  1900 time:  1959.4999070167542
user  2000 time:  2043.2083501815796
user  2100 time:  2134.5305392742157
user  2200 time:  2220.5590863227844
user  2300 time:  2298.3087635040283
user  2400 time:  2384.9242329597473
user  2500 time:  2483.0094883441925
user  2600 time:  2563.3602516651154
user  2700 time:  2656.282971382141
user  2800 time:  2751.81400680542
user  2900 time:  2845.3331639766693
user  3000 time:  2935.493775844574
user  3100 time:  3023.4136242866516
user  3200 time:  3125.9856016635895
user  3300 time:  3230.321495771408
user  3400 time:  3319.6198468208313
user  3500 time:  3409.184525489807
user  3600 time:  3509.6283798217773
user  3700 time:  3598.313764333725
user  3800 time:  3684.3108270168304
user  3900 time:  3781.1245288848877
user  4000 time:  3880.9789440631866
user  4100 time:  3969.774920463562
user  4200 time:  4073.4488360881805
user  4300 time:  4165.473838329315
user  4400 time:  4241.881233215332
user  4500 time:  4313.537268638611
user  4600 time:  4421.247583389282
user  4700 time:  4510.6783537864685
user  4800 time:  4607.545350074768
user  4900 time:  4699.384036064148
user  5000 time:  4774.760372161865
user  5100 time:  4872.219782829285
user  5200 time:  4949.711191415787
user  5300 time:  5040.598107814789
user  5400 time:  5121.404036998749
user  5500 time:  5215.754007101059
user  5600 time:  5303.438046693802
user  5700 time:  5401.9221885204315
user  5800 time:  5477.277324914932
user  5900 time:  5568.925078868866
user  6000 time:  5644.44197177887
user  6100 time:  5726.624824047089
user  6200 time:  5819.13413143158
user  6300 time:  5917.770025968552
user  6400 time:  6010.644204378128
user  6500 time:  6097.194940090179
user  6600 time:  6201.896799325943
user  6700 time:  6287.515547990799
user  6800 time:  6378.460572242737
user  6900 time:  6469.845368385315
user  7000 time:  6538.300815820694
user  7100 time:  6626.7410197258
user  7200 time:  6704.198400259018
user  7300 time:  6789.343147516251
user  7400 time:  6884.279770851135
user  7500 time:  6979.390736818314
user  7600 time:  7056.445574045181
user  7700 time:  7137.038249969482
user  7800 time:  7217.409679412842
user  7900 time:  7315.705293178558
user  8000 time:  7408.05575799942
user  8100 time:  7492.295088768005
user  8200 time:  7586.825150489807
user  8300 time:  7669.875117778778
user  8400 time:  7747.265340805054
user  8500 time:  7825.738005399704
user  8600 time:  7916.7207016944885
user  8700 time:  8016.221298933029
user  8800 time:  8107.764746189117
user  8900 time:  8189.726877689362
user  9000 time:  8275.66309928894
user  9100 time:  8346.840967416763
user  9200 time:  8425.449810028076
start updating user and item embedding...
user_name:9300
user  0 time:  9.298324584960938e-06
user  100 time:  16.93069863319397
user  200 time:  33.08526015281677
user  300 time:  49.46338415145874
user  400 time:  65.42824292182922
user  500 time:  81.93742609024048
user  600 time:  97.90902423858643
user  700 time:  114.09828782081604
user  800 time:  130.5343427658081
user  900 time:  147.0719814300537
user  1000 time:  163.81223487854004
user  1100 time:  180.3762719631195
user  1200 time:  196.74978375434875
user  1300 time:  212.90355563163757
user  1400 time:  229.27161192893982
user  1500 time:  245.6579601764679
user  1600 time:  262.0204315185547
user  1700 time:  278.3332369327545
user  1800 time:  294.5109806060791
user  1900 time:  310.6788864135742
user  2000 time:  327.0432057380676
user  2100 time:  343.3933758735657
user  2200 time:  360.01683044433594
user  2300 time:  376.2500374317169
user  2400 time:  392.61620807647705
user  2500 time:  409.24292159080505
user  2600 time:  425.7367331981659
user  2700 time:  442.3081865310669
user  2800 time:  458.78595185279846
user  2900 time:  474.61222076416016
user  3000 time:  490.7727749347687
user  3100 time:  507.0855710506439
user  3200 time:  523.5430364608765
user  3300 time:  540.3335611820221
user  3400 time:  556.733859539032
user  3500 time:  573.4259521961212
user  3600 time:  589.9448134899139
user  3700 time:  606.2673988342285
user  3800 time:  622.4205219745636
user  3900 time:  638.9093537330627
user  4000 time:  655.0194811820984
user  4100 time:  671.363970041275
user  4200 time:  688.0900511741638
user  4300 time:  704.8640434741974
user  4400 time:  721.2469050884247
user  4500 time:  737.5253217220306
user  4600 time:  753.7868938446045
user  4700 time:  770.6543161869049
user  4800 time:  787.5700509548187
user  4900 time:  803.9143218994141
user  5000 time:  820.0983664989471
user  5100 time:  836.5761072635651
user  5200 time:  852.888035774231
user  5300 time:  869.0781054496765
user  5400 time:  885.5976037979126
user  5500 time:  902.3791587352753
user  5600 time:  918.5822987556458
user  5700 time:  935.0999438762665
user  5800 time:  951.1446344852448
user  5900 time:  967.2671172618866
user  6000 time:  983.4092659950256
user  6100 time:  999.7774014472961
user  6200 time:  1016.5099205970764
user  6300 time:  1033.3282914161682
user  6400 time:  1049.8358278274536
user  6500 time:  1066.0687804222107
user  6600 time:  1082.8399777412415
user  6700 time:  1099.0662310123444
user  6800 time:  1115.3254082202911
user  6900 time:  1132.0469601154327
user  7000 time:  1148.5482246875763
user  7100 time:  1165.1448121070862
user  7200 time:  1181.3334078788757
user  7300 time:  1197.7821171283722
user  7400 time:  1214.0794568061829
user  7500 time:  1231.030338525772
user  7600 time:  1247.3374042510986
user  7700 time:  1263.3503711223602
user  7800 time:  1279.5430254936218
user  7900 time:  1296.302978515625
user  8000 time:  1312.7213723659515
user  8100 time:  1329.0768628120422
user  8200 time:  1345.451112985611
user  8300 time:  1362.105746269226
user  8400 time:  1378.5221090316772
user  8500 time:  1395.1459212303162
user  8600 time:  1411.7700231075287
user  8700 time:  1428.032475233078
user  8800 time:  1444.6553535461426
user  8900 time:  1461.168391942978
user  9000 time:  1477.3769087791443
user  9100 time:  1493.7688229084015
user  9200 time:  1509.8652617931366
start training recommendation module...
recommendation_model.py:59: UserWarning: Implicit dimension choice for log_softmax has been deprecated. Change the call to include dim=X as an argument.
  fe = F.log_softmax(output)
epoch: 0, training loss: 591.7739956408914, train time: 12401.21050786972
epoch: 1, training loss: 474.9655493993487, train time: 12388.557987689972
epoch: 2, training loss: 464.91914113919483, train time: 12543.60121178627
epoch: 3, training loss: 457.6444040371425, train time: 12493.129661083221
epoch: 4, training loss: 453.62250774225686, train time: 12414.279173374176
epoch: 5, training loss: 449.5946339704533, train time: 12425.568193674088
epoch: 6, training loss: 446.9133752279158, train time: 12435.468185186386
epoch: 7, training loss: 446.9275819802424, train time: 12398.4158847332
epoch: 8, training loss: 444.7137434570468, train time: 12411.481362581253
epoch: 9, training loss: 444.098777701307, train time: 12463.763373851776
epoch: 10, training loss: 445.50604304965236, train time: 12526.546954154968
epoch: 11, training loss: 444.3328536180197, train time: 12413.081732749939
epoch: 12, training loss: 441.3583736497385, train time: 12392.135737419128
epoch: 13, training loss: 442.225583491876, train time: 12412.973347902298
epoch: 14, training loss: 440.65421336196596, train time: 12407.419628620148
epoch: 15, training loss: 441.77458536150516, train time: 12400.0189037323
epoch: 16, training loss: 441.750781875744, train time: 12510.585670471191
epoch: 17, training loss: 441.96413245412987, train time: 12445.547657251358
epoch: 18, training loss: 442.12614784092875, train time: 12421.416705608368
epoch: 19, training loss: 441.5131351649179, train time: 12852.96318435669
epoch: 20, training loss: 440.1801376513613, train time: 13453.463917732239
epoch: 21, training loss: 443.95898002185277, train time: 12518.432929515839
epoch: 22, training loss: 441.73640454086126, train time: 12406.593121290207
