nohup: ignoring input
run.py device: cpu
----------------------------------------------------------------------------------------------------
Amazon_Toys_Games......
----------------------------------------------------------------------------------------------------
Traceback (most recent call last):
  File "/home/ubuntu/model/PaperModel/model/recommendation_model.py", line 460, in <module>
    user_item_direct_emb = pickle.load(open(user_item_direct_emb_file, 'rb'))
  File "/home/ubuntu/miniconda3/envs/PaperModel/lib/python3.9/site-packages/torch/storage.py", line 141, in _load_from_bytes
    return torch.load(io.BytesIO(b))
  File "/home/ubuntu/miniconda3/envs/PaperModel/lib/python3.9/site-packages/torch/serialization.py", line 595, in load
    return _legacy_load(opened_file, map_location, pickle_module, **pickle_load_args)
  File "/home/ubuntu/miniconda3/envs/PaperModel/lib/python3.9/site-packages/torch/serialization.py", line 774, in _legacy_load
    result = unpickler.load()
  File "/home/ubuntu/miniconda3/envs/PaperModel/lib/python3.9/site-packages/torch/serialization.py", line 730, in persistent_load
    deserialized_objects[root_key] = restore_location(obj, location)
  File "/home/ubuntu/miniconda3/envs/PaperModel/lib/python3.9/site-packages/torch/serialization.py", line 175, in default_restore_location
    result = fn(storage, location)
  File "/home/ubuntu/miniconda3/envs/PaperModel/lib/python3.9/site-packages/torch/serialization.py", line 155, in _cuda_deserialize
    return storage_type(obj.size())
  File "/home/ubuntu/miniconda3/envs/PaperModel/lib/python3.9/site-packages/torch/cuda/__init__.py", line 462, in _lazy_new
    return super(_CudaBase, cls).__new__(cls, *args, **kwargs)
RuntimeError: CUDA out of memory. Tried to allocate 20.00 MiB (GPU 0; 14.61 GiB total capacity; 12.89 GiB already allocated; 17.12 MiB free; 13.57 GiB reserved in total by PyTorch)
